<?xml version="1.0" encoding="UTF-8"?>
<testsuites tests="11" failures="2" errors="0" time="1.260167">
	<testsuite tests="2" failures="0" time="0.389000" name="github.com/ncolesummers/scrape-pipeline/cmd/scrape-pipeline" timestamp="2025-03-09T13:59:38-07:00">
		<properties>
			<property name="go.version" value="go1.24.0 darwin/arm64"></property>
		</properties>
		<testcase classname="github.com/ncolesummers/scrape-pipeline/cmd/scrape-pipeline" name="TestConfigFlagParsing" time="0.000000"></testcase>
		<testcase classname="github.com/ncolesummers/scrape-pipeline/cmd/scrape-pipeline" name="TestConfigFileNotFound" time="0.000000"></testcase>
	</testsuite>
	<testsuite tests="3" failures="0" time="0.557000" name="github.com/ncolesummers/scrape-pipeline/internal/config" timestamp="2025-03-09T13:59:38-07:00">
		<properties>
			<property name="go.version" value="go1.24.0 darwin/arm64"></property>
		</properties>
		<testcase classname="github.com/ncolesummers/scrape-pipeline/internal/config" name="TestLoadConfig" time="0.000000"></testcase>
		<testcase classname="github.com/ncolesummers/scrape-pipeline/internal/config" name="TestValidateConfig" time="0.000000"></testcase>
		<testcase classname="github.com/ncolesummers/scrape-pipeline/internal/config" name="TestExampleConfigFile" time="0.000000"></testcase>
	</testsuite>
	<testsuite tests="3" failures="1" time="0.624000" name="github.com/ncolesummers/scrape-pipeline/internal/extractor" timestamp="2025-03-09T13:59:38-07:00">
		<properties>
			<property name="go.version" value="go1.24.0 darwin/arm64"></property>
		</properties>
		<testcase classname="github.com/ncolesummers/scrape-pipeline/internal/extractor" name="TestExtract" time="0.000000">
			<failure message="Failed" type="">=== RUN   TestExtract&#xA;    extractor_test.go:107: Content should contain &#39;Main Article Heading&#39;&#xA;    extractor_test.go:111: Content should contain the first paragraph&#xA;    extractor_test.go:116: Content should preserve section headings&#xA;--- FAIL: TestExtract (0.00s)&#xA;</failure>
		</testcase>
		<testcase classname="github.com/ncolesummers/scrape-pipeline/internal/extractor" name="TestNewExtractor" time="0.000000"></testcase>
		<testcase classname="github.com/ncolesummers/scrape-pipeline/internal/extractor" name="TestExtractMetadata" time="0.000000"></testcase>
	</testsuite>
	<testsuite tests="0" failures="0" time="0.000000" name="github.com/ncolesummers/scrape-pipeline/internal/models" timestamp="2025-03-09T13:59:38-07:00">
		<properties>
			<property name="go.version" value="go1.24.0 darwin/arm64"></property>
		</properties>
	</testsuite>
	<testsuite tests="3" failures="1" time="0.801000" name="github.com/ncolesummers/scrape-pipeline/internal/scraper" timestamp="2025-03-09T13:59:38-07:00">
		<properties>
			<property name="go.version" value="go1.24.0 darwin/arm64"></property>
		</properties>
		<testcase classname="github.com/ncolesummers/scrape-pipeline/internal/scraper" name="TestScrape" time="0.000000">
			<failure message="Failed" type="">=== RUN   TestScrape&#xA;    scraper_test.go:87: Expected HTML to contain &#39;Test Heading&#39;&#xA;    scraper_test.go:91: Expected HTML to contain &#39;This is a test paragraph&#39;&#xA;--- FAIL: TestScrape (0.00s)&#xA;</failure>
		</testcase>
		<testcase classname="github.com/ncolesummers/scrape-pipeline/internal/scraper" name="TestNewScraper" time="0.000000"></testcase>
		<testcase classname="github.com/ncolesummers/scrape-pipeline/internal/scraper" name="TestRespectRobotsTxt" time="0.000000"></testcase>
	</testsuite>
	<testsuite tests="0" failures="0" time="0.000000" name="github.com/ncolesummers/scrape-pipeline/pkg/extractor" timestamp="2025-03-09T13:59:38-07:00">
		<properties>
			<property name="go.version" value="go1.24.0 darwin/arm64"></property>
		</properties>
	</testsuite>
	<testsuite tests="0" failures="0" time="0.000000" name="github.com/ncolesummers/scrape-pipeline/pkg/scraper" timestamp="2025-03-09T13:59:38-07:00">
		<properties>
			<property name="go.version" value="go1.24.0 darwin/arm64"></property>
		</properties>
	</testsuite>
</testsuites>